2023-12-11T20:57:34.058+08:00  INFO 69369 --- [restartedMain] c.e.jobfinder.JobFinderApplication       : Starting JobFinderApplication using Java 17.0.8 with PID 69369 (/Users/hemmamano/Desktop/ntu-sctp/Module3_Project_Group2/job-finder/target/classes started by hemmamano in /Users/hemmamano/Desktop/ntu-sctp/Module3_Project_Group2/job-finder)
2023-12-11T20:57:34.061+08:00  INFO 69369 --- [restartedMain] c.e.jobfinder.JobFinderApplication       : No active profile set, falling back to 1 default profile: "default"
2023-12-11T20:57:34.155+08:00  INFO 69369 --- [restartedMain] .s.d.r.c.RepositoryConfigurationDelegate : Bootstrapping Spring Data JPA repositories in DEFAULT mode.
2023-12-11T20:57:34.164+08:00  INFO 69369 --- [restartedMain] .s.d.r.c.RepositoryConfigurationDelegate : Finished Spring Data repository scanning in 8 ms. Found 2 JPA repository interfaces.
2023-12-11T20:57:34.224+08:00  INFO 69369 --- [restartedMain] o.s.b.w.embedded.tomcat.TomcatWebServer  : Tomcat initialized with port(s): 8088 (http)
2023-12-11T20:57:34.225+08:00  INFO 69369 --- [restartedMain] o.apache.catalina.core.StandardService   : Starting service [Tomcat]
2023-12-11T20:57:34.225+08:00  INFO 69369 --- [restartedMain] o.apache.catalina.core.StandardEngine    : Starting Servlet engine: [Apache Tomcat/10.1.16]
2023-12-11T20:57:34.232+08:00  INFO 69369 --- [restartedMain] o.a.c.c.C.[Tomcat].[localhost].[/]       : Initializing Spring embedded WebApplicationContext
2023-12-11T20:57:34.232+08:00  INFO 69369 --- [restartedMain] w.s.c.ServletWebServerApplicationContext : Root WebApplicationContext: initialization completed in 170 ms
2023-12-11T20:57:34.274+08:00  INFO 69369 --- [restartedMain] o.hibernate.jpa.internal.util.LogHelper  : HHH000204: Processing PersistenceUnitInfo [name: default]
2023-12-11T20:57:34.278+08:00  INFO 69369 --- [restartedMain] o.s.o.j.p.SpringPersistenceUnitInfo      : No LoadTimeWeaver setup: ignoring JPA class transformer
2023-12-11T20:57:34.278+08:00  INFO 69369 --- [restartedMain] com.zaxxer.hikari.HikariDataSource       : HikariPool-5 - Starting...
2023-12-11T20:57:34.289+08:00  INFO 69369 --- [restartedMain] com.zaxxer.hikari.pool.HikariPool        : HikariPool-5 - Added connection org.postgresql.jdbc.PgConnection@9a9e0d7
2023-12-11T20:57:34.289+08:00  INFO 69369 --- [restartedMain] com.zaxxer.hikari.HikariDataSource       : HikariPool-5 - Start completed.
2023-12-11T20:57:34.294+08:00  WARN 69369 --- [restartedMain] org.hibernate.orm.deprecation            : HHH90000025: PostgreSQLDialect does not need to be specified explicitly using 'hibernate.dialect' (remove the property setting and it will be selected by default)
2023-12-11T20:57:34.330+08:00  INFO 69369 --- [restartedMain] o.h.e.t.j.p.i.JtaPlatformInitiator       : HHH000489: No JTA platform available (set 'hibernate.transaction.jta.platform' to enable JTA platform integration)
2023-12-11T20:57:34.353+08:00  INFO 69369 --- [restartedMain] j.LocalContainerEntityManagerFactoryBean : Initialized JPA EntityManagerFactory for persistence unit 'default'
2023-12-11T20:57:34.420+08:00  WARN 69369 --- [restartedMain] JpaBaseConfiguration$JpaWebConfiguration : spring.jpa.open-in-view is enabled by default. Therefore, database queries may be performed during view rendering. Explicitly configure spring.jpa.open-in-view to disable this warning
2023-12-11T20:57:34.446+08:00  INFO 69369 --- [restartedMain] o.s.b.a.w.s.WelcomePageHandlerMapping    : Adding welcome page: class path resource [static/index.html]
2023-12-11T20:57:34.477+08:00  INFO 69369 --- [restartedMain] o.s.b.d.a.OptionalLiveReloadServer       : LiveReload server is running on port 35729
2023-12-11T20:57:34.484+08:00  INFO 69369 --- [restartedMain] o.s.b.w.embedded.tomcat.TomcatWebServer  : Tomcat started on port(s): 8088 (http) with context path ''
2023-12-11T20:57:34.488+08:00  INFO 69369 --- [restartedMain] c.e.jobfinder.JobFinderApplication       : Started JobFinderApplication in 0.462 seconds (process running for 149.385)
2023-12-11T20:57:34.489+08:00  INFO 69369 --- [restartedMain] .ConditionEvaluationDeltaLoggingListener : Condition evaluation unchanged
2023-12-11T20:57:35.892+08:00  INFO 69369 --- [File Watcher] rtingClassPathChangeChangedEventListener : Restarting due to 1 class path change (0 additions, 0 deletions, 1 modification)
2023-12-11T20:57:35.899+08:00  INFO 69369 --- [Thread-19] o.apache.catalina.core.StandardService   : Stopping service [Tomcat]
2023-12-11T20:57:35.904+08:00  INFO 69369 --- [Thread-19] j.LocalContainerEntityManagerFactoryBean : Closing JPA EntityManagerFactory for persistence unit 'default'
2023-12-11T20:57:35.905+08:00  INFO 69369 --- [Thread-19] com.zaxxer.hikari.HikariDataSource       : HikariPool-5 - Shutdown initiated...
2023-12-11T20:57:35.910+08:00  INFO 69369 --- [Thread-19] com.zaxxer.hikari.HikariDataSource       : HikariPool-5 - Shutdown completed.
